[17-Jun-2021 21:03:26 UTC] PHP Notice:  Undefined property: stdClass::$heartbeats_limit in C:\xampp7.4\htdocs\themes\altum\views\partials\plans.php on line 91
[17-Jun-2021 21:03:26 UTC] PHP Notice:  Undefined property: stdClass::$heartbeats_limit in C:\xampp7.4\htdocs\themes\altum\views\partials\plans.php on line 94
[17-Jun-2021 21:03:26 UTC] PHP Notice:  Undefined property: stdClass::$heartbeats_limit in C:\xampp7.4\htdocs\themes\altum\views\partials\plans.php on line 98
[17-Jun-2021 21:03:26 UTC] PHP Notice:  Undefined property: stdClass::$status_pages_limit in C:\xampp7.4\htdocs\themes\altum\views\partials\plans.php on line 103
[17-Jun-2021 21:03:26 UTC] PHP Notice:  Undefined property: stdClass::$status_pages_limit in C:\xampp7.4\htdocs\themes\altum\views\partials\plans.php on line 106
[17-Jun-2021 21:03:26 UTC] PHP Notice:  Undefined property: stdClass::$status_pages_limit in C:\xampp7.4\htdocs\themes\altum\views\partials\plans.php on line 110
[17-Jun-2021 21:03:26 UTC] PHP Notice:  Undefined property: stdClass::$domains_limit in C:\xampp7.4\htdocs\themes\altum\views\partials\plans.php on line 128
[17-Jun-2021 21:03:26 UTC] PHP Notice:  Undefined property: stdClass::$domains_limit in C:\xampp7.4\htdocs\themes\altum\views\partials\plans.php on line 131
[17-Jun-2021 21:03:26 UTC] PHP Notice:  Undefined property: stdClass::$domains_limit in C:\xampp7.4\htdocs\themes\altum\views\partials\plans.php on line 135
[17-Jun-2021 21:03:26 UTC] PHP Notice:  Undefined property: stdClass::$logs_retention in C:\xampp7.4\htdocs\themes\altum\views\partials\plans.php on line 141
[17-Jun-2021 21:03:26 UTC] PHP Notice:  Undefined property: stdClass::$logs_retention in C:\xampp7.4\htdocs\themes\altum\views\partials\plans.php on line 144
[17-Jun-2021 21:03:26 UTC] PHP Notice:  Undefined property: stdClass::$additional_domains_is_enabled in C:\xampp7.4\htdocs\themes\altum\views\partials\plans.php on line 148
[17-Jun-2021 21:03:26 UTC] PHP Notice:  Undefined property: stdClass::$additional_domains_is_enabled in C:\xampp7.4\htdocs\themes\altum\views\partials\plans.php on line 154
[17-Jun-2021 21:03:26 UTC] PHP Notice:  Undefined property: stdClass::$email_notifications_is_enabled in C:\xampp7.4\htdocs\themes\altum\views\partials\plans.php on line 232
[17-Jun-2021 21:03:26 UTC] PHP Notice:  Undefined property: stdClass::$email_notifications_is_enabled in C:\xampp7.4\htdocs\themes\altum\views\partials\plans.php on line 238
[17-Jun-2021 21:03:26 UTC] PHP Notice:  Undefined property: stdClass::$api_is_enabled in C:\xampp7.4\htdocs\themes\altum\views\partials\plans.php on line 252
[17-Jun-2021 21:03:26 UTC] PHP Notice:  Undefined property: stdClass::$api_is_enabled in C:\xampp7.4\htdocs\themes\altum\views\partials\plans.php on line 258
[17-Jun-2021 21:03:31 UTC] PHP Notice:  Undefined property: stdClass::$heartbeats_limit in C:\xampp7.4\htdocs\themes\altum\views\partials\plans.php on line 91
[17-Jun-2021 21:03:31 UTC] PHP Notice:  Undefined property: stdClass::$heartbeats_limit in C:\xampp7.4\htdocs\themes\altum\views\partials\plans.php on line 94
[17-Jun-2021 21:03:31 UTC] PHP Notice:  Undefined property: stdClass::$heartbeats_limit in C:\xampp7.4\htdocs\themes\altum\views\partials\plans.php on line 98
[17-Jun-2021 21:03:31 UTC] PHP Notice:  Undefined property: stdClass::$status_pages_limit in C:\xampp7.4\htdocs\themes\altum\views\partials\plans.php on line 103
[17-Jun-2021 21:03:31 UTC] PHP Notice:  Undefined property: stdClass::$status_pages_limit in C:\xampp7.4\htdocs\themes\altum\views\partials\plans.php on line 106
[17-Jun-2021 21:03:31 UTC] PHP Notice:  Undefined property: stdClass::$status_pages_limit in C:\xampp7.4\htdocs\themes\altum\views\partials\plans.php on line 110
[17-Jun-2021 21:03:31 UTC] PHP Notice:  Undefined property: stdClass::$domains_limit in C:\xampp7.4\htdocs\themes\altum\views\partials\plans.php on line 128
[17-Jun-2021 21:03:31 UTC] PHP Notice:  Undefined property: stdClass::$domains_limit in C:\xampp7.4\htdocs\themes\altum\views\partials\plans.php on line 131
[17-Jun-2021 21:03:31 UTC] PHP Notice:  Undefined property: stdClass::$domains_limit in C:\xampp7.4\htdocs\themes\altum\views\partials\plans.php on line 135
[17-Jun-2021 21:03:31 UTC] PHP Notice:  Undefined property: stdClass::$logs_retention in C:\xampp7.4\htdocs\themes\altum\views\partials\plans.php on line 141
[17-Jun-2021 21:03:31 UTC] PHP Notice:  Undefined property: stdClass::$logs_retention in C:\xampp7.4\htdocs\themes\altum\views\partials\plans.php on line 144
[17-Jun-2021 21:03:31 UTC] PHP Notice:  Undefined property: stdClass::$additional_domains_is_enabled in C:\xampp7.4\htdocs\themes\altum\views\partials\plans.php on line 148
[17-Jun-2021 21:03:31 UTC] PHP Notice:  Undefined property: stdClass::$additional_domains_is_enabled in C:\xampp7.4\htdocs\themes\altum\views\partials\plans.php on line 154
[17-Jun-2021 21:03:31 UTC] PHP Notice:  Undefined property: stdClass::$email_notifications_is_enabled in C:\xampp7.4\htdocs\themes\altum\views\partials\plans.php on line 232
[17-Jun-2021 21:03:31 UTC] PHP Notice:  Undefined property: stdClass::$email_notifications_is_enabled in C:\xampp7.4\htdocs\themes\altum\views\partials\plans.php on line 238
[17-Jun-2021 21:03:31 UTC] PHP Notice:  Undefined property: stdClass::$api_is_enabled in C:\xampp7.4\htdocs\themes\altum\views\partials\plans.php on line 252
[17-Jun-2021 21:03:31 UTC] PHP Notice:  Undefined property: stdClass::$api_is_enabled in C:\xampp7.4\htdocs\themes\altum\views\partials\plans.php on line 258
[17-Jun-2021 21:03:43 UTC] PHP Notice:  Undefined property: stdClass::$heartbeats_limit in C:\xampp7.4\htdocs\themes\altum\views\partials\plans.php on line 91
[17-Jun-2021 21:03:43 UTC] PHP Notice:  Undefined property: stdClass::$heartbeats_limit in C:\xampp7.4\htdocs\themes\altum\views\partials\plans.php on line 94
[17-Jun-2021 21:03:43 UTC] PHP Notice:  Undefined property: stdClass::$heartbeats_limit in C:\xampp7.4\htdocs\themes\altum\views\partials\plans.php on line 98
[17-Jun-2021 21:03:43 UTC] PHP Notice:  Undefined property: stdClass::$status_pages_limit in C:\xampp7.4\htdocs\themes\altum\views\partials\plans.php on line 103
[17-Jun-2021 21:03:43 UTC] PHP Notice:  Undefined property: stdClass::$status_pages_limit in C:\xampp7.4\htdocs\themes\altum\views\partials\plans.php on line 106
[17-Jun-2021 21:03:43 UTC] PHP Notice:  Undefined property: stdClass::$status_pages_limit in C:\xampp7.4\htdocs\themes\altum\views\partials\plans.php on line 110
[17-Jun-2021 21:03:43 UTC] PHP Notice:  Undefined property: stdClass::$domains_limit in C:\xampp7.4\htdocs\themes\altum\views\partials\plans.php on line 128
[17-Jun-2021 21:03:43 UTC] PHP Notice:  Undefined property: stdClass::$domains_limit in C:\xampp7.4\htdocs\themes\altum\views\partials\plans.php on line 131
[17-Jun-2021 21:03:43 UTC] PHP Notice:  Undefined property: stdClass::$domains_limit in C:\xampp7.4\htdocs\themes\altum\views\partials\plans.php on line 135
[17-Jun-2021 21:03:43 UTC] PHP Notice:  Undefined property: stdClass::$logs_retention in C:\xampp7.4\htdocs\themes\altum\views\partials\plans.php on line 141
[17-Jun-2021 21:03:43 UTC] PHP Notice:  Undefined property: stdClass::$logs_retention in C:\xampp7.4\htdocs\themes\altum\views\partials\plans.php on line 144
[17-Jun-2021 21:03:43 UTC] PHP Notice:  Undefined property: stdClass::$additional_domains_is_enabled in C:\xampp7.4\htdocs\themes\altum\views\partials\plans.php on line 148
[17-Jun-2021 21:03:43 UTC] PHP Notice:  Undefined property: stdClass::$additional_domains_is_enabled in C:\xampp7.4\htdocs\themes\altum\views\partials\plans.php on line 154
[17-Jun-2021 21:03:43 UTC] PHP Notice:  Undefined property: stdClass::$email_notifications_is_enabled in C:\xampp7.4\htdocs\themes\altum\views\partials\plans.php on line 232
[17-Jun-2021 21:03:43 UTC] PHP Notice:  Undefined property: stdClass::$email_notifications_is_enabled in C:\xampp7.4\htdocs\themes\altum\views\partials\plans.php on line 238
[17-Jun-2021 21:03:43 UTC] PHP Notice:  Undefined property: stdClass::$api_is_enabled in C:\xampp7.4\htdocs\themes\altum\views\partials\plans.php on line 252
[17-Jun-2021 21:03:43 UTC] PHP Notice:  Undefined property: stdClass::$api_is_enabled in C:\xampp7.4\htdocs\themes\altum\views\partials\plans.php on line 258
[17-Jun-2021 21:03:59 UTC] PHP Notice:  Undefined property: stdClass::$heartbeats_limit in C:\xampp7.4\htdocs\themes\altum\views\partials\plans.php on line 91
[17-Jun-2021 21:03:59 UTC] PHP Notice:  Undefined property: stdClass::$heartbeats_limit in C:\xampp7.4\htdocs\themes\altum\views\partials\plans.php on line 94
[17-Jun-2021 21:03:59 UTC] PHP Notice:  Undefined property: stdClass::$heartbeats_limit in C:\xampp7.4\htdocs\themes\altum\views\partials\plans.php on line 98
[17-Jun-2021 21:03:59 UTC] PHP Notice:  Undefined property: stdClass::$status_pages_limit in C:\xampp7.4\htdocs\themes\altum\views\partials\plans.php on line 103
[17-Jun-2021 21:03:59 UTC] PHP Notice:  Undefined property: stdClass::$status_pages_limit in C:\xampp7.4\htdocs\themes\altum\views\partials\plans.php on line 106
[17-Jun-2021 21:03:59 UTC] PHP Notice:  Undefined property: stdClass::$status_pages_limit in C:\xampp7.4\htdocs\themes\altum\views\partials\plans.php on line 110
[17-Jun-2021 21:03:59 UTC] PHP Notice:  Undefined property: stdClass::$domains_limit in C:\xampp7.4\htdocs\themes\altum\views\partials\plans.php on line 128
[17-Jun-2021 21:03:59 UTC] PHP Notice:  Undefined property: stdClass::$domains_limit in C:\xampp7.4\htdocs\themes\altum\views\partials\plans.php on line 131
[17-Jun-2021 21:03:59 UTC] PHP Notice:  Undefined property: stdClass::$domains_limit in C:\xampp7.4\htdocs\themes\altum\views\partials\plans.php on line 135
[17-Jun-2021 21:03:59 UTC] PHP Notice:  Undefined property: stdClass::$logs_retention in C:\xampp7.4\htdocs\themes\altum\views\partials\plans.php on line 141
[17-Jun-2021 21:03:59 UTC] PHP Notice:  Undefined property: stdClass::$logs_retention in C:\xampp7.4\htdocs\themes\altum\views\partials\plans.php on line 144
[17-Jun-2021 21:03:59 UTC] PHP Notice:  Undefined property: stdClass::$additional_domains_is_enabled in C:\xampp7.4\htdocs\themes\altum\views\partials\plans.php on line 148
[17-Jun-2021 21:03:59 UTC] PHP Notice:  Undefined property: stdClass::$additional_domains_is_enabled in C:\xampp7.4\htdocs\themes\altum\views\partials\plans.php on line 154
[17-Jun-2021 21:03:59 UTC] PHP Notice:  Undefined property: stdClass::$email_notifications_is_enabled in C:\xampp7.4\htdocs\themes\altum\views\partials\plans.php on line 232
[17-Jun-2021 21:03:59 UTC] PHP Notice:  Undefined property: stdClass::$email_notifications_is_enabled in C:\xampp7.4\htdocs\themes\altum\views\partials\plans.php on line 238
[17-Jun-2021 21:03:59 UTC] PHP Notice:  Undefined property: stdClass::$api_is_enabled in C:\xampp7.4\htdocs\themes\altum\views\partials\plans.php on line 252
[17-Jun-2021 21:03:59 UTC] PHP Notice:  Undefined property: stdClass::$api_is_enabled in C:\xampp7.4\htdocs\themes\altum\views\partials\plans.php on line 258
[17-Jun-2021 21:04:18 UTC] PHP Notice:  Undefined property: stdClass::$heartbeats_limit in C:\xampp7.4\htdocs\themes\altum\views\partials\plans.php on line 91
[17-Jun-2021 21:04:18 UTC] PHP Notice:  Undefined property: stdClass::$heartbeats_limit in C:\xampp7.4\htdocs\themes\altum\views\partials\plans.php on line 94
[17-Jun-2021 21:04:18 UTC] PHP Notice:  Undefined property: stdClass::$heartbeats_limit in C:\xampp7.4\htdocs\themes\altum\views\partials\plans.php on line 98
[17-Jun-2021 21:04:18 UTC] PHP Notice:  Undefined property: stdClass::$status_pages_limit in C:\xampp7.4\htdocs\themes\altum\views\partials\plans.php on line 103
[17-Jun-2021 21:04:18 UTC] PHP Notice:  Undefined property: stdClass::$status_pages_limit in C:\xampp7.4\htdocs\themes\altum\views\partials\plans.php on line 106
[17-Jun-2021 21:04:19 UTC] PHP Notice:  Undefined property: stdClass::$status_pages_limit in C:\xampp7.4\htdocs\themes\altum\views\partials\plans.php on line 110
[17-Jun-2021 21:04:19 UTC] PHP Notice:  Undefined property: stdClass::$domains_limit in C:\xampp7.4\htdocs\themes\altum\views\partials\plans.php on line 128
[17-Jun-2021 21:04:19 UTC] PHP Notice:  Undefined property: stdClass::$domains_limit in C:\xampp7.4\htdocs\themes\altum\views\partials\plans.php on line 131
[17-Jun-2021 21:04:19 UTC] PHP Notice:  Undefined property: stdClass::$domains_limit in C:\xampp7.4\htdocs\themes\altum\views\partials\plans.php on line 135
[17-Jun-2021 21:04:19 UTC] PHP Notice:  Undefined property: stdClass::$logs_retention in C:\xampp7.4\htdocs\themes\altum\views\partials\plans.php on line 141
[17-Jun-2021 21:04:19 UTC] PHP Notice:  Undefined property: stdClass::$logs_retention in C:\xampp7.4\htdocs\themes\altum\views\partials\plans.php on line 144
[17-Jun-2021 21:04:19 UTC] PHP Notice:  Undefined property: stdClass::$additional_domains_is_enabled in C:\xampp7.4\htdocs\themes\altum\views\partials\plans.php on line 148
[17-Jun-2021 21:04:19 UTC] PHP Notice:  Undefined property: stdClass::$additional_domains_is_enabled in C:\xampp7.4\htdocs\themes\altum\views\partials\plans.php on line 154
[17-Jun-2021 21:04:19 UTC] PHP Notice:  Undefined property: stdClass::$email_notifications_is_enabled in C:\xampp7.4\htdocs\themes\altum\views\partials\plans.php on line 232
[17-Jun-2021 21:04:19 UTC] PHP Notice:  Undefined property: stdClass::$email_notifications_is_enabled in C:\xampp7.4\htdocs\themes\altum\views\partials\plans.php on line 238
[17-Jun-2021 21:04:19 UTC] PHP Notice:  Undefined property: stdClass::$api_is_enabled in C:\xampp7.4\htdocs\themes\altum\views\partials\plans.php on line 252
[17-Jun-2021 21:04:19 UTC] PHP Notice:  Undefined property: stdClass::$api_is_enabled in C:\xampp7.4\htdocs\themes\altum\views\partials\plans.php on line 258
[17-Jun-2021 21:04:59 UTC] PHP Notice:  Undefined property: stdClass::$heartbeats_limit in C:\xampp7.4\htdocs\themes\altum\views\partials\plans.php on line 91
[17-Jun-2021 21:04:59 UTC] PHP Notice:  Undefined property: stdClass::$heartbeats_limit in C:\xampp7.4\htdocs\themes\altum\views\partials\plans.php on line 94
[17-Jun-2021 21:04:59 UTC] PHP Notice:  Undefined property: stdClass::$heartbeats_limit in C:\xampp7.4\htdocs\themes\altum\views\partials\plans.php on line 98
[17-Jun-2021 21:04:59 UTC] PHP Notice:  Undefined property: stdClass::$status_pages_limit in C:\xampp7.4\htdocs\themes\altum\views\partials\plans.php on line 103
[17-Jun-2021 21:04:59 UTC] PHP Notice:  Undefined property: stdClass::$status_pages_limit in C:\xampp7.4\htdocs\themes\altum\views\partials\plans.php on line 106
[17-Jun-2021 21:04:59 UTC] PHP Notice:  Undefined property: stdClass::$status_pages_limit in C:\xampp7.4\htdocs\themes\altum\views\partials\plans.php on line 110
[17-Jun-2021 21:04:59 UTC] PHP Notice:  Undefined property: stdClass::$domains_limit in C:\xampp7.4\htdocs\themes\altum\views\partials\plans.php on line 128
[17-Jun-2021 21:04:59 UTC] PHP Notice:  Undefined property: stdClass::$domains_limit in C:\xampp7.4\htdocs\themes\altum\views\partials\plans.php on line 131
[17-Jun-2021 21:04:59 UTC] PHP Notice:  Undefined property: stdClass::$domains_limit in C:\xampp7.4\htdocs\themes\altum\views\partials\plans.php on line 135
[17-Jun-2021 21:04:59 UTC] PHP Notice:  Undefined property: stdClass::$logs_retention in C:\xampp7.4\htdocs\themes\altum\views\partials\plans.php on line 141
[17-Jun-2021 21:04:59 UTC] PHP Notice:  Undefined property: stdClass::$logs_retention in C:\xampp7.4\htdocs\themes\altum\views\partials\plans.php on line 144
[17-Jun-2021 21:04:59 UTC] PHP Notice:  Undefined property: stdClass::$additional_domains_is_enabled in C:\xampp7.4\htdocs\themes\altum\views\partials\plans.php on line 148
[17-Jun-2021 21:04:59 UTC] PHP Notice:  Undefined property: stdClass::$additional_domains_is_enabled in C:\xampp7.4\htdocs\themes\altum\views\partials\plans.php on line 154
[17-Jun-2021 21:04:59 UTC] PHP Notice:  Undefined property: stdClass::$email_notifications_is_enabled in C:\xampp7.4\htdocs\themes\altum\views\partials\plans.php on line 232
[17-Jun-2021 21:04:59 UTC] PHP Notice:  Undefined property: stdClass::$email_notifications_is_enabled in C:\xampp7.4\htdocs\themes\altum\views\partials\plans.php on line 238
[17-Jun-2021 21:04:59 UTC] PHP Notice:  Undefined property: stdClass::$api_is_enabled in C:\xampp7.4\htdocs\themes\altum\views\partials\plans.php on line 252
[17-Jun-2021 21:04:59 UTC] PHP Notice:  Undefined property: stdClass::$api_is_enabled in C:\xampp7.4\htdocs\themes\altum\views\partials\plans.php on line 258
[17-Jun-2021 21:05:05 UTC] PHP Notice:  Undefined property: stdClass::$heartbeats_limit in C:\xampp7.4\htdocs\themes\altum\views\partials\plans.php on line 91
[17-Jun-2021 21:05:05 UTC] PHP Notice:  Undefined property: stdClass::$heartbeats_limit in C:\xampp7.4\htdocs\themes\altum\views\partials\plans.php on line 94
[17-Jun-2021 21:05:05 UTC] PHP Notice:  Undefined property: stdClass::$heartbeats_limit in C:\xampp7.4\htdocs\themes\altum\views\partials\plans.php on line 98
[17-Jun-2021 21:05:05 UTC] PHP Notice:  Undefined property: stdClass::$status_pages_limit in C:\xampp7.4\htdocs\themes\altum\views\partials\plans.php on line 103
[17-Jun-2021 21:05:05 UTC] PHP Notice:  Undefined property: stdClass::$status_pages_limit in C:\xampp7.4\htdocs\themes\altum\views\partials\plans.php on line 106
[17-Jun-2021 21:05:05 UTC] PHP Notice:  Undefined property: stdClass::$status_pages_limit in C:\xampp7.4\htdocs\themes\altum\views\partials\plans.php on line 110
[17-Jun-2021 21:05:05 UTC] PHP Notice:  Undefined property: stdClass::$domains_limit in C:\xampp7.4\htdocs\themes\altum\views\partials\plans.php on line 128
[17-Jun-2021 21:05:05 UTC] PHP Notice:  Undefined property: stdClass::$domains_limit in C:\xampp7.4\htdocs\themes\altum\views\partials\plans.php on line 131
[17-Jun-2021 21:05:05 UTC] PHP Notice:  Undefined property: stdClass::$domains_limit in C:\xampp7.4\htdocs\themes\altum\views\partials\plans.php on line 135
[17-Jun-2021 21:05:05 UTC] PHP Notice:  Undefined property: stdClass::$logs_retention in C:\xampp7.4\htdocs\themes\altum\views\partials\plans.php on line 141
[17-Jun-2021 21:05:05 UTC] PHP Notice:  Undefined property: stdClass::$logs_retention in C:\xampp7.4\htdocs\themes\altum\views\partials\plans.php on line 144
[17-Jun-2021 21:05:05 UTC] PHP Notice:  Undefined property: stdClass::$additional_domains_is_enabled in C:\xampp7.4\htdocs\themes\altum\views\partials\plans.php on line 148
[17-Jun-2021 21:05:05 UTC] PHP Notice:  Undefined property: stdClass::$additional_domains_is_enabled in C:\xampp7.4\htdocs\themes\altum\views\partials\plans.php on line 154
[17-Jun-2021 21:05:05 UTC] PHP Notice:  Undefined property: stdClass::$email_notifications_is_enabled in C:\xampp7.4\htdocs\themes\altum\views\partials\plans.php on line 232
[17-Jun-2021 21:05:05 UTC] PHP Notice:  Undefined property: stdClass::$email_notifications_is_enabled in C:\xampp7.4\htdocs\themes\altum\views\partials\plans.php on line 238
[17-Jun-2021 21:05:05 UTC] PHP Notice:  Undefined property: stdClass::$api_is_enabled in C:\xampp7.4\htdocs\themes\altum\views\partials\plans.php on line 252
[17-Jun-2021 21:05:05 UTC] PHP Notice:  Undefined property: stdClass::$api_is_enabled in C:\xampp7.4\htdocs\themes\altum\views\partials\plans.php on line 258
[17-Jun-2021 21:05:07 UTC] PHP Notice:  Undefined property: stdClass::$heartbeats_limit in C:\xampp7.4\htdocs\themes\altum\views\partials\plans.php on line 91
[17-Jun-2021 21:05:07 UTC] PHP Notice:  Undefined property: stdClass::$heartbeats_limit in C:\xampp7.4\htdocs\themes\altum\views\partials\plans.php on line 94
[17-Jun-2021 21:05:07 UTC] PHP Notice:  Undefined property: stdClass::$heartbeats_limit in C:\xampp7.4\htdocs\themes\altum\views\partials\plans.php on line 98
[17-Jun-2021 21:05:07 UTC] PHP Notice:  Undefined property: stdClass::$status_pages_limit in C:\xampp7.4\htdocs\themes\altum\views\partials\plans.php on line 103
[17-Jun-2021 21:05:07 UTC] PHP Notice:  Undefined property: stdClass::$status_pages_limit in C:\xampp7.4\htdocs\themes\altum\views\partials\plans.php on line 106
[17-Jun-2021 21:05:07 UTC] PHP Notice:  Undefined property: stdClass::$status_pages_limit in C:\xampp7.4\htdocs\themes\altum\views\partials\plans.php on line 110
[17-Jun-2021 21:05:07 UTC] PHP Notice:  Undefined property: stdClass::$domains_limit in C:\xampp7.4\htdocs\themes\altum\views\partials\plans.php on line 128
[17-Jun-2021 21:05:07 UTC] PHP Notice:  Undefined property: stdClass::$domains_limit in C:\xampp7.4\htdocs\themes\altum\views\partials\plans.php on line 131
[17-Jun-2021 21:05:07 UTC] PHP Notice:  Undefined property: stdClass::$domains_limit in C:\xampp7.4\htdocs\themes\altum\views\partials\plans.php on line 135
[17-Jun-2021 21:05:07 UTC] PHP Notice:  Undefined property: stdClass::$logs_retention in C:\xampp7.4\htdocs\themes\altum\views\partials\plans.php on line 141
[17-Jun-2021 21:05:07 UTC] PHP Notice:  Undefined property: stdClass::$logs_retention in C:\xampp7.4\htdocs\themes\altum\views\partials\plans.php on line 144
[17-Jun-2021 21:05:07 UTC] PHP Notice:  Undefined property: stdClass::$additional_domains_is_enabled in C:\xampp7.4\htdocs\themes\altum\views\partials\plans.php on line 148
[17-Jun-2021 21:05:07 UTC] PHP Notice:  Undefined property: stdClass::$additional_domains_is_enabled in C:\xampp7.4\htdocs\themes\altum\views\partials\plans.php on line 154
[17-Jun-2021 21:05:07 UTC] PHP Notice:  Undefined property: stdClass::$email_notifications_is_enabled in C:\xampp7.4\htdocs\themes\altum\views\partials\plans.php on line 232
[17-Jun-2021 21:05:07 UTC] PHP Notice:  Undefined property: stdClass::$email_notifications_is_enabled in C:\xampp7.4\htdocs\themes\altum\views\partials\plans.php on line 238
[17-Jun-2021 21:05:07 UTC] PHP Notice:  Undefined property: stdClass::$api_is_enabled in C:\xampp7.4\htdocs\themes\altum\views\partials\plans.php on line 252
[17-Jun-2021 21:05:07 UTC] PHP Notice:  Undefined property: stdClass::$api_is_enabled in C:\xampp7.4\htdocs\themes\altum\views\partials\plans.php on line 258
[17-Jun-2021 21:05:16 UTC] PHP Notice:  Undefined property: stdClass::$heartbeats_limit in C:\xampp7.4\htdocs\themes\altum\views\partials\plans.php on line 91
[17-Jun-2021 21:05:16 UTC] PHP Notice:  Undefined property: stdClass::$heartbeats_limit in C:\xampp7.4\htdocs\themes\altum\views\partials\plans.php on line 94
[17-Jun-2021 21:05:16 UTC] PHP Notice:  Undefined property: stdClass::$heartbeats_limit in C:\xampp7.4\htdocs\themes\altum\views\partials\plans.php on line 98
[17-Jun-2021 21:05:16 UTC] PHP Notice:  Undefined property: stdClass::$status_pages_limit in C:\xampp7.4\htdocs\themes\altum\views\partials\plans.php on line 103
[17-Jun-2021 21:05:16 UTC] PHP Notice:  Undefined property: stdClass::$status_pages_limit in C:\xampp7.4\htdocs\themes\altum\views\partials\plans.php on line 106
[17-Jun-2021 21:05:16 UTC] PHP Notice:  Undefined property: stdClass::$status_pages_limit in C:\xampp7.4\htdocs\themes\altum\views\partials\plans.php on line 110
[17-Jun-2021 21:05:16 UTC] PHP Notice:  Undefined property: stdClass::$domains_limit in C:\xampp7.4\htdocs\themes\altum\views\partials\plans.php on line 128
[17-Jun-2021 21:05:16 UTC] PHP Notice:  Undefined property: stdClass::$domains_limit in C:\xampp7.4\htdocs\themes\altum\views\partials\plans.php on line 131
[17-Jun-2021 21:05:16 UTC] PHP Notice:  Undefined property: stdClass::$domains_limit in C:\xampp7.4\htdocs\themes\altum\views\partials\plans.php on line 135
[17-Jun-2021 21:05:16 UTC] PHP Notice:  Undefined property: stdClass::$logs_retention in C:\xampp7.4\htdocs\themes\altum\views\partials\plans.php on line 141
[17-Jun-2021 21:05:16 UTC] PHP Notice:  Undefined property: stdClass::$logs_retention in C:\xampp7.4\htdocs\themes\altum\views\partials\plans.php on line 144
[17-Jun-2021 21:05:16 UTC] PHP Notice:  Undefined property: stdClass::$additional_domains_is_enabled in C:\xampp7.4\htdocs\themes\altum\views\partials\plans.php on line 148
[17-Jun-2021 21:05:16 UTC] PHP Notice:  Undefined property: stdClass::$additional_domains_is_enabled in C:\xampp7.4\htdocs\themes\altum\views\partials\plans.php on line 154
[17-Jun-2021 21:05:16 UTC] PHP Notice:  Undefined property: stdClass::$email_notifications_is_enabled in C:\xampp7.4\htdocs\themes\altum\views\partials\plans.php on line 232
[17-Jun-2021 21:05:16 UTC] PHP Notice:  Undefined property: stdClass::$email_notifications_is_enabled in C:\xampp7.4\htdocs\themes\altum\views\partials\plans.php on line 238
[17-Jun-2021 21:05:16 UTC] PHP Notice:  Undefined property: stdClass::$api_is_enabled in C:\xampp7.4\htdocs\themes\altum\views\partials\plans.php on line 252
[17-Jun-2021 21:05:16 UTC] PHP Notice:  Undefined property: stdClass::$api_is_enabled in C:\xampp7.4\htdocs\themes\altum\views\partials\plans.php on line 258
[17-Jun-2021 21:06:00 UTC] PHP Notice:  Undefined property: stdClass::$heartbeats_limit in C:\xampp7.4\htdocs\themes\altum\views\partials\plans.php on line 91
[17-Jun-2021 21:06:00 UTC] PHP Notice:  Undefined property: stdClass::$heartbeats_limit in C:\xampp7.4\htdocs\themes\altum\views\partials\plans.php on line 94
[17-Jun-2021 21:06:00 UTC] PHP Notice:  Undefined property: stdClass::$heartbeats_limit in C:\xampp7.4\htdocs\themes\altum\views\partials\plans.php on line 98
[17-Jun-2021 21:06:00 UTC] PHP Notice:  Undefined property: stdClass::$status_pages_limit in C:\xampp7.4\htdocs\themes\altum\views\partials\plans.php on line 103
[17-Jun-2021 21:06:00 UTC] PHP Notice:  Undefined property: stdClass::$status_pages_limit in C:\xampp7.4\htdocs\themes\altum\views\partials\plans.php on line 106
[17-Jun-2021 21:06:00 UTC] PHP Notice:  Undefined property: stdClass::$status_pages_limit in C:\xampp7.4\htdocs\themes\altum\views\partials\plans.php on line 110
[17-Jun-2021 21:06:00 UTC] PHP Notice:  Undefined property: stdClass::$domains_limit in C:\xampp7.4\htdocs\themes\altum\views\partials\plans.php on line 128
[17-Jun-2021 21:06:00 UTC] PHP Notice:  Undefined property: stdClass::$domains_limit in C:\xampp7.4\htdocs\themes\altum\views\partials\plans.php on line 131
[17-Jun-2021 21:06:00 UTC] PHP Notice:  Undefined property: stdClass::$domains_limit in C:\xampp7.4\htdocs\themes\altum\views\partials\plans.php on line 135
[17-Jun-2021 21:06:00 UTC] PHP Notice:  Undefined property: stdClass::$logs_retention in C:\xampp7.4\htdocs\themes\altum\views\partials\plans.php on line 141
[17-Jun-2021 21:06:00 UTC] PHP Notice:  Undefined property: stdClass::$logs_retention in C:\xampp7.4\htdocs\themes\altum\views\partials\plans.php on line 144
[17-Jun-2021 21:06:00 UTC] PHP Notice:  Undefined property: stdClass::$additional_domains_is_enabled in C:\xampp7.4\htdocs\themes\altum\views\partials\plans.php on line 148
[17-Jun-2021 21:06:00 UTC] PHP Notice:  Undefined property: stdClass::$additional_domains_is_enabled in C:\xampp7.4\htdocs\themes\altum\views\partials\plans.php on line 154
[17-Jun-2021 21:06:00 UTC] PHP Notice:  Undefined property: stdClass::$email_notifications_is_enabled in C:\xampp7.4\htdocs\themes\altum\views\partials\plans.php on line 232
[17-Jun-2021 21:06:00 UTC] PHP Notice:  Undefined property: stdClass::$email_notifications_is_enabled in C:\xampp7.4\htdocs\themes\altum\views\partials\plans.php on line 238
[17-Jun-2021 21:06:00 UTC] PHP Notice:  Undefined property: stdClass::$api_is_enabled in C:\xampp7.4\htdocs\themes\altum\views\partials\plans.php on line 252
[17-Jun-2021 21:06:00 UTC] PHP Notice:  Undefined property: stdClass::$api_is_enabled in C:\xampp7.4\htdocs\themes\altum\views\partials\plans.php on line 258
